Info: Starting: Create simulation model
Info: qsys-generate C:\Users\yogeoffre\Documents\ESN2025\GEOFFRE_Lab1\maoin.qsys --simulation=VHDL --allow-mixed-language-simulation --output-directory=C:\Users\yogeoffre\Documents\ESN2025\GEOFFRE_Lab1\maoin\simulation --family="MAX 10" --part=10M50DAF484C7G
Progress: Loading GEOFFRE_Lab1/maoin.qsys
Progress: Reading input file
Progress: Adding btn0 [altera_avalon_pio 18.1]
Progress: Parameterizing module btn0
Progress: Adding clk [clock_source 18.1]
Progress: Parameterizing module clk
Progress: Adding cpu [altera_nios2_gen2 18.1]
Progress: Parameterizing module cpu
Progress: Adding jtag_uart_0 [altera_avalon_jtag_uart 18.1]
Progress: Parameterizing module jtag_uart_0
Progress: Adding led0 [altera_avalon_pio 18.1]
Progress: Parameterizing module led0
Progress: Adding ram [altera_avalon_onchip_memory2 18.1]
Progress: Parameterizing module ram
Progress: Building connections
Progress: Parameterizing connections
Progress: Validating
Progress: Done reading input file
Info: maoin.jtag_uart_0: JTAG UART IP input clock need to be at least double (2x) the operating frequency of JTAG TCK on board
Info: maoin: Generating maoin "maoin" for SIM_VHDL
Info: btn0: Starting RTL generation for module 'maoin_btn0'
Info: btn0:   Generation command is [exec C:/intelfpga/18.1/quartus/bin64/perl/bin/perl.exe -I C:/intelfpga/18.1/quartus/bin64/perl/lib -I C:/intelfpga/18.1/quartus/sopc_builder/bin/europa -I C:/intelfpga/18.1/quartus/sopc_builder/bin/perl_lib -I C:/intelfpga/18.1/quartus/sopc_builder/bin -I C:/intelfpga/18.1/quartus/../ip/altera/sopc_builder_ip/common -I C:/intelfpga/18.1/quartus/../ip/altera/sopc_builder_ip/altera_avalon_pio -- C:/intelfpga/18.1/quartus/../ip/altera/sopc_builder_ip/altera_avalon_pio/generate_rtl.pl --name=maoin_btn0 --dir=C:/Users/YOGEOF~1/AppData/Local/Temp/alt0098_8733608086634482885.dir/0100_btn0_gen/ --quartus_dir=C:/intelfpga/18.1/quartus --vhdl --config=C:/Users/YOGEOF~1/AppData/Local/Temp/alt0098_8733608086634482885.dir/0100_btn0_gen//maoin_btn0_component_configuration.pl  --do_build_sim=1    --sim_dir=C:/Users/YOGEOF~1/AppData/Local/Temp/alt0098_8733608086634482885.dir/0100_btn0_gen/  ]
Info: btn0: Done RTL generation for module 'maoin_btn0'
Info: btn0: "maoin" instantiated altera_avalon_pio "btn0"
Info: cpu: "maoin" instantiated altera_nios2_gen2 "cpu"
Info: jtag_uart_0: Starting RTL generation for module 'maoin_jtag_uart_0'
Info: jtag_uart_0:   Generation command is [exec C:/intelfpga/18.1/quartus/bin64/perl/bin/perl.exe -I C:/intelfpga/18.1/quartus/bin64/perl/lib -I C:/intelfpga/18.1/quartus/sopc_builder/bin/europa -I C:/intelfpga/18.1/quartus/sopc_builder/bin/perl_lib -I C:/intelfpga/18.1/quartus/sopc_builder/bin -I C:/intelfpga/18.1/quartus/../ip/altera/sopc_builder_ip/common -I C:/intelfpga/18.1/quartus/../ip/altera/sopc_builder_ip/altera_avalon_jtag_uart -- C:/intelfpga/18.1/quartus/../ip/altera/sopc_builder_ip/altera_avalon_jtag_uart/generate_rtl.pl --name=maoin_jtag_uart_0 --dir=C:/Users/YOGEOF~1/AppData/Local/Temp/alt0098_8733608086634482885.dir/0101_jtag_uart_0_gen/ --quartus_dir=C:/intelfpga/18.1/quartus --vhdl --config=C:/Users/YOGEOF~1/AppData/Local/Temp/alt0098_8733608086634482885.dir/0101_jtag_uart_0_gen//maoin_jtag_uart_0_component_configuration.pl  --do_build_sim=1    --sim_dir=C:/Users/YOGEOF~1/AppData/Local/Temp/alt0098_8733608086634482885.dir/0101_jtag_uart_0_gen/  ]
Info: jtag_uart_0: Done RTL generation for module 'maoin_jtag_uart_0'
Info: jtag_uart_0: "maoin" instantiated altera_avalon_jtag_uart "jtag_uart_0"
Info: led0: Starting RTL generation for module 'maoin_led0'
Info: led0:   Generation command is [exec C:/intelfpga/18.1/quartus/bin64/perl/bin/perl.exe -I C:/intelfpga/18.1/quartus/bin64/perl/lib -I C:/intelfpga/18.1/quartus/sopc_builder/bin/europa -I C:/intelfpga/18.1/quartus/sopc_builder/bin/perl_lib -I C:/intelfpga/18.1/quartus/sopc_builder/bin -I C:/intelfpga/18.1/quartus/../ip/altera/sopc_builder_ip/common -I C:/intelfpga/18.1/quartus/../ip/altera/sopc_builder_ip/altera_avalon_pio -- C:/intelfpga/18.1/quartus/../ip/altera/sopc_builder_ip/altera_avalon_pio/generate_rtl.pl --name=maoin_led0 --dir=C:/Users/YOGEOF~1/AppData/Local/Temp/alt0098_8733608086634482885.dir/0102_led0_gen/ --quartus_dir=C:/intelfpga/18.1/quartus --vhdl --config=C:/Users/YOGEOF~1/AppData/Local/Temp/alt0098_8733608086634482885.dir/0102_led0_gen//maoin_led0_component_configuration.pl  --do_build_sim=1    --sim_dir=C:/Users/YOGEOF~1/AppData/Local/Temp/alt0098_8733608086634482885.dir/0102_led0_gen/  ]
Info: led0: Done RTL generation for module 'maoin_led0'
Info: led0: "maoin" instantiated altera_avalon_pio "led0"
Info: ram: Starting RTL generation for module 'maoin_ram'
Info: ram:   Generation command is [exec C:/intelfpga/18.1/quartus/bin64/perl/bin/perl.exe -I C:/intelfpga/18.1/quartus/bin64/perl/lib -I C:/intelfpga/18.1/quartus/sopc_builder/bin/europa -I C:/intelfpga/18.1/quartus/sopc_builder/bin/perl_lib -I C:/intelfpga/18.1/quartus/sopc_builder/bin -I C:/intelfpga/18.1/quartus/../ip/altera/sopc_builder_ip/common -I C:/intelfpga/18.1/quartus/../ip/altera/sopc_builder_ip/altera_avalon_onchip_memory2 -- C:/intelfpga/18.1/quartus/../ip/altera/sopc_builder_ip/altera_avalon_onchip_memory2/generate_rtl.pl --name=maoin_ram --dir=C:/Users/YOGEOF~1/AppData/Local/Temp/alt0098_8733608086634482885.dir/0103_ram_gen/ --quartus_dir=C:/intelfpga/18.1/quartus --vhdl --config=C:/Users/YOGEOF~1/AppData/Local/Temp/alt0098_8733608086634482885.dir/0103_ram_gen//maoin_ram_component_configuration.pl  --do_build_sim=1    --sim_dir=C:/Users/YOGEOF~1/AppData/Local/Temp/alt0098_8733608086634482885.dir/0103_ram_gen/  ]
Info: ram: Done RTL generation for module 'maoin_ram'
Info: ram: "maoin" instantiated altera_avalon_onchip_memory2 "ram"
Info: avalon_st_adapter: Inserting error_adapter: error_adapter_0
Info: avalon_st_adapter_001: Inserting error_adapter: error_adapter_0
Info: avalon_st_adapter_002: Inserting error_adapter: error_adapter_0
Info: avalon_st_adapter_003: Inserting error_adapter: error_adapter_0
Info: avalon_st_adapter_004: Inserting error_adapter: error_adapter_0
Info: mm_interconnect_0: "maoin" instantiated altera_mm_interconnect "mm_interconnect_0"
Info: irq_mapper: "maoin" instantiated altera_irq_mapper "irq_mapper"
Info: rst_controller: "maoin" instantiated altera_reset_controller "rst_controller"
Info: cpu: Starting RTL generation for module 'maoin_cpu_cpu'
Info: cpu:   Generation command is [exec C:/intelFPGA/18.1/quartus/bin64//eperlcmd.exe -I C:/intelFPGA/18.1/quartus/bin64//perl/lib -I C:/intelfpga/18.1/quartus/sopc_builder/bin/europa -I C:/intelfpga/18.1/quartus/sopc_builder/bin/perl_lib -I C:/intelfpga/18.1/quartus/sopc_builder/bin -I C:/intelfpga/18.1/quartus/../ip/altera/nios2_ip/altera_nios2_gen2/cpu_lib -I C:/intelfpga/18.1/quartus/../ip/altera/nios2_ip/altera_nios2_gen2/nios_lib -I C:/intelfpga/18.1/quartus/../ip/altera/nios2_ip/altera_nios2_gen2 -I C:/intelfpga/18.1/quartus/../ip/altera/nios2_ip/altera_nios2_gen2 -- C:/intelfpga/18.1/quartus/../ip/altera/nios2_ip/altera_nios2_gen2/generate_rtl.epl --name=maoin_cpu_cpu --dir=C:/Users/YOGEOF~1/AppData/Local/Temp/alt0098_8733608086634482885.dir/0106_cpu_gen/ --quartus_bindir=C:/intelFPGA/18.1/quartus/bin64/ --verilog --config=C:/Users/YOGEOF~1/AppData/Local/Temp/alt0098_8733608086634482885.dir/0106_cpu_gen//maoin_cpu_cpu_processor_configuration.pl  --do_build_sim=1    --sim_dir=C:/Users/YOGEOF~1/AppData/Local/Temp/alt0098_8733608086634482885.dir/0106_cpu_gen/  ]
Info: cpu: # 2025.01.10 15:28:39 (*) Starting Nios II generation
Info: cpu: # 2025.01.10 15:28:39 (*)   Checking for plaintext license.
Info: cpu: # 2025.01.10 15:28:43 (*)   Couldn't query license setup in Quartus directory C:/intelFPGA/18.1/quartus/bin64/
Info: cpu: # 2025.01.10 15:28:43 (*)   Defaulting to contents of LM_LICENSE_FILE environment variable
Info: cpu: # 2025.01.10 15:28:43 (*)   Plaintext license not found.
Info: cpu: # 2025.01.10 15:28:43 (*)   No license required to generate encrypted Nios II/e.
Info: cpu: # 2025.01.10 15:28:43 (*)   Elaborating CPU configuration settings
Info: cpu: # 2025.01.10 15:28:43 (*)   Creating all objects for CPU
Info: cpu: # 2025.01.10 15:28:44 (*)   Creating 'C:/Users/YOGEOF~1/AppData/Local/Temp/alt0098_8733608086634482885.dir/0106_cpu_gen//maoin_cpu_cpu_nios2_waves.do'
Info: cpu: # 2025.01.10 15:28:44 (*)   Generating RTL from CPU objects
Info: cpu: # 2025.01.10 15:28:44 (*)   Creating plain-text RTL
Info: cpu: # 2025.01.10 15:28:45 (*) Done Nios II generation
Info: cpu: Done RTL generation for module 'maoin_cpu_cpu'
Info: cpu: "cpu" instantiated altera_nios2_gen2_unit "cpu"
Info: cpu_data_master_translator: "mm_interconnect_0" instantiated altera_merlin_master_translator "cpu_data_master_translator"
Info: jtag_uart_0_avalon_jtag_slave_translator: "mm_interconnect_0" instantiated altera_merlin_slave_translator "jtag_uart_0_avalon_jtag_slave_translator"
Info: cpu_data_master_agent: "mm_interconnect_0" instantiated altera_merlin_master_agent "cpu_data_master_agent"
Info: jtag_uart_0_avalon_jtag_slave_agent: "mm_interconnect_0" instantiated altera_merlin_slave_agent "jtag_uart_0_avalon_jtag_slave_agent"
Info: jtag_uart_0_avalon_jtag_slave_agent_rsp_fifo: "mm_interconnect_0" instantiated altera_avalon_sc_fifo "jtag_uart_0_avalon_jtag_slave_agent_rsp_fifo"
Info: router: "mm_interconnect_0" instantiated altera_merlin_router "router"
Info: router_001: "mm_interconnect_0" instantiated altera_merlin_router "router_001"
Info: router_002: "mm_interconnect_0" instantiated altera_merlin_router "router_002"
Info: router_003: "mm_interconnect_0" instantiated altera_merlin_router "router_003"
Info: cmd_demux: "mm_interconnect_0" instantiated altera_merlin_demultiplexer "cmd_demux"
Info: cmd_demux_001: "mm_interconnect_0" instantiated altera_merlin_demultiplexer "cmd_demux_001"
Info: cmd_mux: "mm_interconnect_0" instantiated altera_merlin_multiplexer "cmd_mux"
Info: cmd_mux_001: "mm_interconnect_0" instantiated altera_merlin_multiplexer "cmd_mux_001"
Info: Reusing file C:/Users/yogeoffre/Documents/ESN2025/GEOFFRE_Lab1/maoin/simulation/submodules/altera_merlin_arbitrator.sv
Info: rsp_demux: "mm_interconnect_0" instantiated altera_merlin_demultiplexer "rsp_demux"
Info: rsp_mux: "mm_interconnect_0" instantiated altera_merlin_multiplexer "rsp_mux"
Info: Reusing file C:/Users/yogeoffre/Documents/ESN2025/GEOFFRE_Lab1/maoin/simulation/submodules/altera_merlin_arbitrator.sv
Info: rsp_mux_001: "mm_interconnect_0" instantiated altera_merlin_multiplexer "rsp_mux_001"
Info: Reusing file C:/Users/yogeoffre/Documents/ESN2025/GEOFFRE_Lab1/maoin/simulation/submodules/altera_merlin_arbitrator.sv
Info: avalon_st_adapter: "mm_interconnect_0" instantiated altera_avalon_st_adapter "avalon_st_adapter"
Info: error_adapter_0: "avalon_st_adapter" instantiated error_adapter "error_adapter_0"
Info: maoin: Done "maoin" with 28 modules, 47 files
Info: qsys-generate succeeded.
Info: Finished: Create simulation model
Info: Starting: Create Modelsim Project.
Info: sim-script-gen --spd=C:\Users\yogeoffre\Documents\ESN2025\GEOFFRE_Lab1\maoin\maoin.spd --output-directory=C:/Users/yogeoffre/Documents/ESN2025/GEOFFRE_Lab1/maoin/simulation/ --use-relative-paths=true
Info: Doing: ip-make-simscript --spd=C:\Users\yogeoffre\Documents\ESN2025\GEOFFRE_Lab1\maoin\maoin.spd --output-directory=C:/Users/yogeoffre/Documents/ESN2025/GEOFFRE_Lab1/maoin/simulation/ --use-relative-paths=true
Info: Generating the following file(s) for MODELSIM simulator in C:/Users/yogeoffre/Documents/ESN2025/GEOFFRE_Lab1/maoin/simulation/ directory:
Info: 	mentor/msim_setup.tcl
Info: Skipping VCS script generation since VHDL file $QUARTUS_INSTALL_DIR/eda/sim_lib/altera_syn_attributes.vhd is required for simulation
Info: Generating the following file(s) for VCSMX simulator in C:/Users/yogeoffre/Documents/ESN2025/GEOFFRE_Lab1/maoin/simulation/ directory:
Info: 	synopsys/vcsmx/synopsys_sim.setup
Info: 	synopsys/vcsmx/vcsmx_setup.sh
Info: Generating the following file(s) for NCSIM simulator in C:/Users/yogeoffre/Documents/ESN2025/GEOFFRE_Lab1/maoin/simulation/ directory:
Info: 	cadence/cds.lib
Info: 	cadence/hdl.var
Info: 	cadence/ncsim_setup.sh
Info: 	26 .cds.lib files in cadence/cds_libs/ directory
Info: Generating the following file(s) for RIVIERA simulator in C:/Users/yogeoffre/Documents/ESN2025/GEOFFRE_Lab1/maoin/simulation/ directory:
Info: 	aldec/rivierapro_setup.tcl
Info: For information on how to simulate your IP, see the explanatory comments in the simulator-specific subdirectories under C:/Users/yogeoffre/Documents/ESN2025/GEOFFRE_Lab1/maoin/simulation/.
Info: Regenerate these scripts whenever you make any change to any Quartus-generated IP in your project.
Info: Finished: Create Modelsim Project.
Info: Starting: Create block symbol file (.bsf)
Info: qsys-generate C:\Users\yogeoffre\Documents\ESN2025\GEOFFRE_Lab1\maoin.qsys --block-symbol-file --output-directory=C:\Users\yogeoffre\Documents\ESN2025\GEOFFRE_Lab1\maoin --family="MAX 10" --part=10M50DAF484C7G
Progress: Loading GEOFFRE_Lab1/maoin.qsys
Progress: Reading input file
Progress: Adding btn0 [altera_avalon_pio 18.1]
Progress: Parameterizing module btn0
Progress: Adding clk [clock_source 18.1]
Progress: Parameterizing module clk
Progress: Adding cpu [altera_nios2_gen2 18.1]
Progress: Parameterizing module cpu
Progress: Adding jtag_uart_0 [altera_avalon_jtag_uart 18.1]
Progress: Parameterizing module jtag_uart_0
Progress: Adding led0 [altera_avalon_pio 18.1]
Progress: Parameterizing module led0
Progress: Adding ram [altera_avalon_onchip_memory2 18.1]
Progress: Parameterizing module ram
Progress: Building connections
Progress: Parameterizing connections
Progress: Validating
Progress: Done reading input file
Info: maoin.jtag_uart_0: JTAG UART IP input clock need to be at least double (2x) the operating frequency of JTAG TCK on board
Info: qsys-generate succeeded.
Info: Finished: Create block symbol file (.bsf)
Info: 
Info: Starting: Create HDL design files for synthesis
Info: qsys-generate C:\Users\yogeoffre\Documents\ESN2025\GEOFFRE_Lab1\maoin.qsys --synthesis=VHDL --greybox --output-directory=C:\Users\yogeoffre\Documents\ESN2025\GEOFFRE_Lab1\maoin\synthesis --family="MAX 10" --part=10M50DAF484C7G
Progress: Loading GEOFFRE_Lab1/maoin.qsys
Progress: Reading input file
Progress: Adding btn0 [altera_avalon_pio 18.1]
Progress: Parameterizing module btn0
Progress: Adding clk [clock_source 18.1]
Progress: Parameterizing module clk
Progress: Adding cpu [altera_nios2_gen2 18.1]
Progress: Parameterizing module cpu
Progress: Adding jtag_uart_0 [altera_avalon_jtag_uart 18.1]
Progress: Parameterizing module jtag_uart_0
Progress: Adding led0 [altera_avalon_pio 18.1]
Progress: Parameterizing module led0
Progress: Adding ram [altera_avalon_onchip_memory2 18.1]
Progress: Parameterizing module ram
Progress: Building connections
Progress: Parameterizing connections
Progress: Validating
Progress: Done reading input file
Info: maoin.jtag_uart_0: JTAG UART IP input clock need to be at least double (2x) the operating frequency of JTAG TCK on board
Info: maoin: Generating maoin "maoin" for QUARTUS_SYNTH
Info: btn0: Starting RTL generation for module 'maoin_btn0'
Info: btn0:   Generation command is [exec C:/intelfpga/18.1/quartus/bin64/perl/bin/perl.exe -I C:/intelfpga/18.1/quartus/bin64/perl/lib -I C:/intelfpga/18.1/quartus/sopc_builder/bin/europa -I C:/intelfpga/18.1/quartus/sopc_builder/bin/perl_lib -I C:/intelfpga/18.1/quartus/sopc_builder/bin -I C:/intelfpga/18.1/quartus/../ip/altera/sopc_builder_ip/common -I C:/intelfpga/18.1/quartus/../ip/altera/sopc_builder_ip/altera_avalon_pio -- C:/intelfpga/18.1/quartus/../ip/altera/sopc_builder_ip/altera_avalon_pio/generate_rtl.pl --name=maoin_btn0 --dir=C:/Users/YOGEOF~1/AppData/Local/Temp/alt0098_8733608086634482885.dir/0125_btn0_gen/ --quartus_dir=C:/intelfpga/18.1/quartus --verilog --config=C:/Users/YOGEOF~1/AppData/Local/Temp/alt0098_8733608086634482885.dir/0125_btn0_gen//maoin_btn0_component_configuration.pl  --do_build_sim=0  ]
Info: btn0: Done RTL generation for module 'maoin_btn0'
Info: btn0: "maoin" instantiated altera_avalon_pio "btn0"
Info: cpu: "maoin" instantiated altera_nios2_gen2 "cpu"
Info: jtag_uart_0: Starting RTL generation for module 'maoin_jtag_uart_0'
Info: jtag_uart_0:   Generation command is [exec C:/intelfpga/18.1/quartus/bin64/perl/bin/perl.exe -I C:/intelfpga/18.1/quartus/bin64/perl/lib -I C:/intelfpga/18.1/quartus/sopc_builder/bin/europa -I C:/intelfpga/18.1/quartus/sopc_builder/bin/perl_lib -I C:/intelfpga/18.1/quartus/sopc_builder/bin -I C:/intelfpga/18.1/quartus/../ip/altera/sopc_builder_ip/common -I C:/intelfpga/18.1/quartus/../ip/altera/sopc_builder_ip/altera_avalon_jtag_uart -- C:/intelfpga/18.1/quartus/../ip/altera/sopc_builder_ip/altera_avalon_jtag_uart/generate_rtl.pl --name=maoin_jtag_uart_0 --dir=C:/Users/YOGEOF~1/AppData/Local/Temp/alt0098_8733608086634482885.dir/0126_jtag_uart_0_gen/ --quartus_dir=C:/intelfpga/18.1/quartus --verilog --config=C:/Users/YOGEOF~1/AppData/Local/Temp/alt0098_8733608086634482885.dir/0126_jtag_uart_0_gen//maoin_jtag_uart_0_component_configuration.pl  --do_build_sim=0  ]
Info: jtag_uart_0: Done RTL generation for module 'maoin_jtag_uart_0'
Info: jtag_uart_0: "maoin" instantiated altera_avalon_jtag_uart "jtag_uart_0"
Info: led0: Starting RTL generation for module 'maoin_led0'
Info: led0:   Generation command is [exec C:/intelfpga/18.1/quartus/bin64/perl/bin/perl.exe -I C:/intelfpga/18.1/quartus/bin64/perl/lib -I C:/intelfpga/18.1/quartus/sopc_builder/bin/europa -I C:/intelfpga/18.1/quartus/sopc_builder/bin/perl_lib -I C:/intelfpga/18.1/quartus/sopc_builder/bin -I C:/intelfpga/18.1/quartus/../ip/altera/sopc_builder_ip/common -I C:/intelfpga/18.1/quartus/../ip/altera/sopc_builder_ip/altera_avalon_pio -- C:/intelfpga/18.1/quartus/../ip/altera/sopc_builder_ip/altera_avalon_pio/generate_rtl.pl --name=maoin_led0 --dir=C:/Users/YOGEOF~1/AppData/Local/Temp/alt0098_8733608086634482885.dir/0127_led0_gen/ --quartus_dir=C:/intelfpga/18.1/quartus --verilog --config=C:/Users/YOGEOF~1/AppData/Local/Temp/alt0098_8733608086634482885.dir/0127_led0_gen//maoin_led0_component_configuration.pl  --do_build_sim=0  ]
Info: led0: Done RTL generation for module 'maoin_led0'
Info: led0: "maoin" instantiated altera_avalon_pio "led0"
Info: ram: Starting RTL generation for module 'maoin_ram'
Info: ram:   Generation command is [exec C:/intelfpga/18.1/quartus/bin64/perl/bin/perl.exe -I C:/intelfpga/18.1/quartus/bin64/perl/lib -I C:/intelfpga/18.1/quartus/sopc_builder/bin/europa -I C:/intelfpga/18.1/quartus/sopc_builder/bin/perl_lib -I C:/intelfpga/18.1/quartus/sopc_builder/bin -I C:/intelfpga/18.1/quartus/../ip/altera/sopc_builder_ip/common -I C:/intelfpga/18.1/quartus/../ip/altera/sopc_builder_ip/altera_avalon_onchip_memory2 -- C:/intelfpga/18.1/quartus/../ip/altera/sopc_builder_ip/altera_avalon_onchip_memory2/generate_rtl.pl --name=maoin_ram --dir=C:/Users/YOGEOF~1/AppData/Local/Temp/alt0098_8733608086634482885.dir/0128_ram_gen/ --quartus_dir=C:/intelfpga/18.1/quartus --verilog --config=C:/Users/YOGEOF~1/AppData/Local/Temp/alt0098_8733608086634482885.dir/0128_ram_gen//maoin_ram_component_configuration.pl  --do_build_sim=0  ]
Info: ram: Done RTL generation for module 'maoin_ram'
Info: ram: "maoin" instantiated altera_avalon_onchip_memory2 "ram"
Info: avalon_st_adapter: Inserting error_adapter: error_adapter_0
Info: avalon_st_adapter_001: Inserting error_adapter: error_adapter_0
Info: avalon_st_adapter_002: Inserting error_adapter: error_adapter_0
Info: avalon_st_adapter_003: Inserting error_adapter: error_adapter_0
Info: avalon_st_adapter_004: Inserting error_adapter: error_adapter_0
Info: mm_interconnect_0: "maoin" instantiated altera_mm_interconnect "mm_interconnect_0"
Info: irq_mapper: "maoin" instantiated altera_irq_mapper "irq_mapper"
Info: rst_controller: "maoin" instantiated altera_reset_controller "rst_controller"
Info: cpu: Starting RTL generation for module 'maoin_cpu_cpu'
Info: cpu:   Generation command is [exec C:/intelFPGA/18.1/quartus/bin64//eperlcmd.exe -I C:/intelFPGA/18.1/quartus/bin64//perl/lib -I C:/intelfpga/18.1/quartus/sopc_builder/bin/europa -I C:/intelfpga/18.1/quartus/sopc_builder/bin/perl_lib -I C:/intelfpga/18.1/quartus/sopc_builder/bin -I C:/intelfpga/18.1/quartus/../ip/altera/nios2_ip/altera_nios2_gen2/cpu_lib -I C:/intelfpga/18.1/quartus/../ip/altera/nios2_ip/altera_nios2_gen2/nios_lib -I C:/intelfpga/18.1/quartus/../ip/altera/nios2_ip/altera_nios2_gen2 -I C:/intelfpga/18.1/quartus/../ip/altera/nios2_ip/altera_nios2_gen2 -- C:/intelfpga/18.1/quartus/../ip/altera/nios2_ip/altera_nios2_gen2/generate_rtl.epl --name=maoin_cpu_cpu --dir=C:/Users/YOGEOF~1/AppData/Local/Temp/alt0098_8733608086634482885.dir/0131_cpu_gen/ --quartus_bindir=C:/intelFPGA/18.1/quartus/bin64/ --verilog --config=C:/Users/YOGEOF~1/AppData/Local/Temp/alt0098_8733608086634482885.dir/0131_cpu_gen//maoin_cpu_cpu_processor_configuration.pl  --do_build_sim=0  ]
Info: cpu: # 2025.01.10 15:29:01 (*) Starting Nios II generation
Info: cpu: # 2025.01.10 15:29:01 (*)   Checking for plaintext license.
Info: cpu: # 2025.01.10 15:29:03 (*)   Couldn't query license setup in Quartus directory C:/intelFPGA/18.1/quartus/bin64/
Info: cpu: # 2025.01.10 15:29:03 (*)   Defaulting to contents of LM_LICENSE_FILE environment variable
Info: cpu: # 2025.01.10 15:29:03 (*)   Plaintext license not found.
Info: cpu: # 2025.01.10 15:29:03 (*)   No license required to generate encrypted Nios II/e.
Info: cpu: # 2025.01.10 15:29:03 (*)   Elaborating CPU configuration settings
Info: cpu: # 2025.01.10 15:29:03 (*)   Creating all objects for CPU
Info: cpu: # 2025.01.10 15:29:04 (*)   Generating RTL from CPU objects
Info: cpu: # 2025.01.10 15:29:04 (*)   Creating plain-text RTL
Info: cpu: # 2025.01.10 15:29:04 (*) Done Nios II generation
Info: cpu: Done RTL generation for module 'maoin_cpu_cpu'
Info: cpu: "cpu" instantiated altera_nios2_gen2_unit "cpu"
Info: cpu_data_master_translator: "mm_interconnect_0" instantiated altera_merlin_master_translator "cpu_data_master_translator"
Info: jtag_uart_0_avalon_jtag_slave_translator: "mm_interconnect_0" instantiated altera_merlin_slave_translator "jtag_uart_0_avalon_jtag_slave_translator"
Info: cpu_data_master_agent: "mm_interconnect_0" instantiated altera_merlin_master_agent "cpu_data_master_agent"
Info: jtag_uart_0_avalon_jtag_slave_agent: "mm_interconnect_0" instantiated altera_merlin_slave_agent "jtag_uart_0_avalon_jtag_slave_agent"
Info: jtag_uart_0_avalon_jtag_slave_agent_rsp_fifo: "mm_interconnect_0" instantiated altera_avalon_sc_fifo "jtag_uart_0_avalon_jtag_slave_agent_rsp_fifo"
Info: router: "mm_interconnect_0" instantiated altera_merlin_router "router"
Info: router_001: "mm_interconnect_0" instantiated altera_merlin_router "router_001"
Info: router_002: "mm_interconnect_0" instantiated altera_merlin_router "router_002"
Info: router_003: "mm_interconnect_0" instantiated altera_merlin_router "router_003"
Info: cmd_demux: "mm_interconnect_0" instantiated altera_merlin_demultiplexer "cmd_demux"
Info: cmd_demux_001: "mm_interconnect_0" instantiated altera_merlin_demultiplexer "cmd_demux_001"
Info: cmd_mux: "mm_interconnect_0" instantiated altera_merlin_multiplexer "cmd_mux"
Info: cmd_mux_001: "mm_interconnect_0" instantiated altera_merlin_multiplexer "cmd_mux_001"
Info: Reusing file C:/Users/yogeoffre/Documents/ESN2025/GEOFFRE_Lab1/maoin/synthesis/submodules/altera_merlin_arbitrator.sv
Info: rsp_demux: "mm_interconnect_0" instantiated altera_merlin_demultiplexer "rsp_demux"
Info: rsp_mux: "mm_interconnect_0" instantiated altera_merlin_multiplexer "rsp_mux"
Info: Reusing file C:/Users/yogeoffre/Documents/ESN2025/GEOFFRE_Lab1/maoin/synthesis/submodules/altera_merlin_arbitrator.sv
Info: rsp_mux_001: "mm_interconnect_0" instantiated altera_merlin_multiplexer "rsp_mux_001"
Info: Reusing file C:/Users/yogeoffre/Documents/ESN2025/GEOFFRE_Lab1/maoin/synthesis/submodules/altera_merlin_arbitrator.sv
Info: avalon_st_adapter: "mm_interconnect_0" instantiated altera_avalon_st_adapter "avalon_st_adapter"
Info: error_adapter_0: "avalon_st_adapter" instantiated error_adapter "error_adapter_0"
Info: maoin: Done "maoin" with 28 modules, 40 files
Info: Generating third-party timing and resource estimation model ...
Info: Done generating third-party timing and resource estimation model.
Info: qsys-generate succeeded.
Info: Finished: Create HDL design files for synthesis
